<?xml version="1.0" encoding="UTF-8"?>
<testng-results ignored="0" total="1" passed="1" failed="0" skipped="0">
  <reporter-output>
  </reporter-output>
  <suite started-at="2020-03-11T18:39:18 IST" name="Default suite" finished-at="2020-03-11T18:39:34 IST" duration-ms="15991">
    <groups>
    </groups>
    <test started-at="2020-03-11T18:39:18 IST" name="Default test" finished-at="2020-03-11T18:39:34 IST" duration-ms="15991">
      <class name="BaseDriver.BaseClass">
        <test-method signature="openBrowser()[pri:0, instance:BaseDriver.BaseClass@6e75aa0d]" started-at="2020-03-11T18:39:18 IST" name="openBrowser" finished-at="2020-03-11T18:39:33 IST" duration-ms="15946" status="PASS">
          <reporter-output>
          </reporter-output>
        </test-method> <!-- openBrowser -->
      </class> <!-- BaseDriver.BaseClass -->
    </test> <!-- Default test -->
  </suite> <!-- Default suite -->
</testng-results>
